{"C:\\Users\\amber\\Git Repos\\job-application-tracker\\server\\app.js": {"path":"C:\\Users\\amber\\Git Repos\\job-application-tracker\\server\\app.js","statementMap":{"0":{"start":{"line":2,"column":16},"end":{"line":2,"column":34}},"1":{"start":{"line":3,"column":13},"end":{"line":3,"column":28}},"2":{"start":{"line":4,"column":15},"end":{"line":4,"column":32}},"3":{"start":{"line":6,"column":0},"end":{"line":6,"column":16}},"4":{"start":{"line":8,"column":12},"end":{"line":8,"column":21}},"5":{"start":{"line":10,"column":0},"end":{"line":10,"column":16}},"6":{"start":{"line":11,"column":0},"end":{"line":11,"column":24}},"7":{"start":{"line":14,"column":21},"end":{"line":14,"column":47}},"8":{"start":{"line":15,"column":0},"end":{"line":15,"column":27}},"9":{"start":{"line":17,"column":19},"end":{"line":17,"column":43}},"10":{"start":{"line":18,"column":0},"end":{"line":18,"column":29}},"11":{"start":{"line":20,"column":26},"end":{"line":20,"column":57}},"12":{"start":{"line":21,"column":0},"end":{"line":21,"column":44}},"13":{"start":{"line":23,"column":18},"end":{"line":23,"column":41}},"14":{"start":{"line":24,"column":0},"end":{"line":24,"column":28}},"15":{"start":{"line":26,"column":19},"end":{"line":26,"column":43}},"16":{"start":{"line":27,"column":0},"end":{"line":27,"column":29}},"17":{"start":{"line":29,"column":0},"end":{"line":29,"column":21}}},"fnMap":{},"branchMap":{},"s":{"0":4,"1":4,"2":4,"3":4,"4":4,"5":4,"6":4,"7":4,"8":4,"9":4,"10":4,"11":4,"12":4,"13":4,"14":4,"15":4,"16":4,"17":4},"f":{},"b":{},"_coverageSchema":"1a1c01bbd47fc00a2c39e90264f33305004495a9","hash":"41df534313dcfc441d9f6ab26ebdcefadb25117f"}
,"C:\\Users\\amber\\Git Repos\\job-application-tracker\\server\\controllers\\applicationController.js": {"path":"C:\\Users\\amber\\Git Repos\\job-application-tracker\\server\\controllers\\applicationController.js","statementMap":{"0":{"start":{"line":1,"column":15},"end":{"line":1,"column":41}},"1":{"start":{"line":2,"column":24},"end":{"line":2,"column":55}},"2":{"start":{"line":3,"column":37},"end":{"line":3,"column":78}},"3":{"start":{"line":6,"column":89},"end":{"line":6,"column":97}},"4":{"start":{"line":8,"column":4},"end":{"line":42,"column":5}},"5":{"start":{"line":9,"column":27},"end":{"line":9,"column":80}},"6":{"start":{"line":9,"column":57},"end":{"line":9,"column":79}},"7":{"start":{"line":11,"column":25},"end":{"line":16,"column":10}},"8":{"start":{"line":18,"column":32},"end":{"line":18,"column":59}},"9":{"start":{"line":18,"column":52},"end":{"line":18,"column":58}},"10":{"start":{"line":21,"column":23},"end":{"line":36,"column":10}},"11":{"start":{"line":32,"column":56},"end":{"line":32,"column":62}},"12":{"start":{"line":38,"column":8},"end":{"line":38,"column":37}},"13":{"start":{"line":41,"column":8},"end":{"line":41,"column":69}},"14":{"start":{"line":46,"column":19},"end":{"line":46,"column":34}},"15":{"start":{"line":47,"column":17},"end":{"line":47,"column":50}},"16":{"start":{"line":48,"column":21},"end":{"line":48,"column":59}},"17":{"start":{"line":49,"column":22},"end":{"line":53,"column":16}},"18":{"start":{"line":55,"column":4},"end":{"line":66,"column":5}},"19":{"start":{"line":56,"column":23},"end":{"line":61,"column":10}},"20":{"start":{"line":63,"column":8},"end":{"line":63,"column":37}},"21":{"start":{"line":65,"column":8},"end":{"line":65,"column":68}},"22":{"start":{"line":70,"column":19},"end":{"line":70,"column":29}},"23":{"start":{"line":71,"column":89},"end":{"line":71,"column":97}},"24":{"start":{"line":74,"column":4},"end":{"line":119,"column":5}},"25":{"start":{"line":75,"column":28},"end":{"line":77,"column":10}},"26":{"start":{"line":79,"column":8},"end":{"line":81,"column":9}},"27":{"start":{"line":80,"column":12},"end":{"line":80,"column":76}},"28":{"start":{"line":83,"column":8},"end":{"line":85,"column":9}},"29":{"start":{"line":84,"column":12},"end":{"line":84,"column":64}},"30":{"start":{"line":87,"column":27},"end":{"line":87,"column":80}},"31":{"start":{"line":87,"column":57},"end":{"line":87,"column":79}},"32":{"start":{"line":89,"column":25},"end":{"line":94,"column":10}},"33":{"start":{"line":96,"column":32},"end":{"line":96,"column":59}},"34":{"start":{"line":96,"column":52},"end":{"line":96,"column":58}},"35":{"start":{"line":99,"column":27},"end":{"line":114,"column":10}},"36":{"start":{"line":110,"column":52},"end":{"line":110,"column":58}},"37":{"start":{"line":116,"column":8},"end":{"line":116,"column":36}},"38":{"start":{"line":118,"column":8},"end":{"line":118,"column":69}},"39":{"start":{"line":123,"column":19},"end":{"line":123,"column":29}},"40":{"start":{"line":125,"column":4},"end":{"line":145,"column":5}},"41":{"start":{"line":126,"column":28},"end":{"line":128,"column":10}},"42":{"start":{"line":130,"column":8},"end":{"line":132,"column":9}},"43":{"start":{"line":131,"column":12},"end":{"line":131,"column":76}},"44":{"start":{"line":134,"column":8},"end":{"line":136,"column":9}},"45":{"start":{"line":135,"column":12},"end":{"line":135,"column":64}},"46":{"start":{"line":138,"column":8},"end":{"line":140,"column":11}},"47":{"start":{"line":142,"column":8},"end":{"line":142,"column":31}},"48":{"start":{"line":144,"column":8},"end":{"line":144,"column":69}},"49":{"start":{"line":148,"column":0},"end":{"line":153,"column":2}}},"fnMap":{"0":{"name":"createApplication","decl":{"start":{"line":5,"column":15},"end":{"line":5,"column":32}},"loc":{"start":{"line":5,"column":43},"end":{"line":43,"column":1}},"line":5},"1":{"name":"(anonymous_1)","decl":{"start":{"line":9,"column":49},"end":{"line":9,"column":50}},"loc":{"start":{"line":9,"column":57},"end":{"line":9,"column":79}},"line":9},"2":{"name":"(anonymous_2)","decl":{"start":{"line":18,"column":45},"end":{"line":18,"column":46}},"loc":{"start":{"line":18,"column":52},"end":{"line":18,"column":58}},"line":18},"3":{"name":"(anonymous_3)","decl":{"start":{"line":32,"column":49},"end":{"line":32,"column":50}},"loc":{"start":{"line":32,"column":56},"end":{"line":32,"column":62}},"line":32},"4":{"name":"getUserApplications","decl":{"start":{"line":45,"column":15},"end":{"line":45,"column":34}},"loc":{"start":{"line":45,"column":45},"end":{"line":67,"column":1}},"line":45},"5":{"name":"updateApplication","decl":{"start":{"line":69,"column":15},"end":{"line":69,"column":32}},"loc":{"start":{"line":69,"column":43},"end":{"line":120,"column":1}},"line":69},"6":{"name":"(anonymous_6)","decl":{"start":{"line":87,"column":49},"end":{"line":87,"column":50}},"loc":{"start":{"line":87,"column":57},"end":{"line":87,"column":79}},"line":87},"7":{"name":"(anonymous_7)","decl":{"start":{"line":96,"column":45},"end":{"line":96,"column":46}},"loc":{"start":{"line":96,"column":52},"end":{"line":96,"column":58}},"line":96},"8":{"name":"(anonymous_8)","decl":{"start":{"line":110,"column":45},"end":{"line":110,"column":46}},"loc":{"start":{"line":110,"column":52},"end":{"line":110,"column":58}},"line":110},"9":{"name":"deleteApplication","decl":{"start":{"line":122,"column":15},"end":{"line":122,"column":32}},"loc":{"start":{"line":122,"column":43},"end":{"line":146,"column":1}},"line":122}},"branchMap":{"0":{"loc":{"start":{"line":9,"column":28},"end":{"line":9,"column":40}},"type":"binary-expr","locations":[{"start":{"line":9,"column":28},"end":{"line":9,"column":34}},{"start":{"line":9,"column":38},"end":{"line":9,"column":40}}],"line":9},"1":{"loc":{"start":{"line":47,"column":17},"end":{"line":47,"column":50}},"type":"binary-expr","locations":[{"start":{"line":47,"column":17},"end":{"line":47,"column":45}},{"start":{"line":47,"column":49},"end":{"line":47,"column":50}}],"line":47},"2":{"loc":{"start":{"line":48,"column":21},"end":{"line":48,"column":59}},"type":"binary-expr","locations":[{"start":{"line":48,"column":21},"end":{"line":48,"column":53}},{"start":{"line":48,"column":57},"end":{"line":48,"column":59}}],"line":48},"3":{"loc":{"start":{"line":49,"column":22},"end":{"line":53,"column":16}},"type":"cond-expr","locations":[{"start":{"line":50,"column":10},"end":{"line":50,"column":24}},{"start":{"line":51,"column":10},"end":{"line":53,"column":16}}],"line":49},"4":{"loc":{"start":{"line":51,"column":10},"end":{"line":53,"column":16}},"type":"cond-expr","locations":[{"start":{"line":52,"column":14},"end":{"line":52,"column":30}},{"start":{"line":53,"column":14},"end":{"line":53,"column":16}}],"line":51},"5":{"loc":{"start":{"line":79,"column":8},"end":{"line":81,"column":9}},"type":"if","locations":[{"start":{"line":79,"column":8},"end":{"line":81,"column":9}},{"start":{},"end":{}}],"line":79},"6":{"loc":{"start":{"line":83,"column":8},"end":{"line":85,"column":9}},"type":"if","locations":[{"start":{"line":83,"column":8},"end":{"line":85,"column":9}},{"start":{},"end":{}}],"line":83},"7":{"loc":{"start":{"line":87,"column":28},"end":{"line":87,"column":40}},"type":"binary-expr","locations":[{"start":{"line":87,"column":28},"end":{"line":87,"column":34}},{"start":{"line":87,"column":38},"end":{"line":87,"column":40}}],"line":87},"8":{"loc":{"start":{"line":130,"column":8},"end":{"line":132,"column":9}},"type":"if","locations":[{"start":{"line":130,"column":8},"end":{"line":132,"column":9}},{"start":{},"end":{}}],"line":130},"9":{"loc":{"start":{"line":134,"column":8},"end":{"line":136,"column":9}},"type":"if","locations":[{"start":{"line":134,"column":8},"end":{"line":136,"column":9}},{"start":{},"end":{}}],"line":134}},"s":{"0":5,"1":5,"2":5,"3":3,"4":3,"5":3,"6":6,"7":3,"8":3,"9":6,"10":3,"11":6,"12":2,"13":1,"14":4,"15":4,"16":4,"17":4,"18":4,"19":4,"20":2,"21":2,"22":6,"23":6,"24":6,"25":6,"26":6,"27":2,"28":4,"29":2,"30":2,"31":3,"32":2,"33":2,"34":3,"35":2,"36":3,"37":2,"38":0,"39":6,"40":6,"41":6,"42":6,"43":2,"44":4,"45":2,"46":2,"47":2,"48":0,"49":5},"f":{"0":3,"1":6,"2":6,"3":6,"4":4,"5":6,"6":3,"7":3,"8":3,"9":6},"b":{"0":[3,0],"1":[4,2],"2":[4,2],"3":[2,2],"4":[0,2],"5":[2,4],"6":[2,2],"7":[2,0],"8":[2,4],"9":[2,2]},"_coverageSchema":"1a1c01bbd47fc00a2c39e90264f33305004495a9","hash":"512073fd0c4cf22b011de913e535ce2eb6ebab8d"}
,"C:\\Users\\amber\\Git Repos\\job-application-tracker\\server\\controllers\\authController.js": {"path":"C:\\Users\\amber\\Git Repos\\job-application-tracker\\server\\controllers\\authController.js","statementMap":{"0":{"start":{"line":1,"column":64},"end":{"line":1,"column":97}},"1":{"start":{"line":2,"column":24},"end":{"line":2,"column":55}},"2":{"start":{"line":4,"column":15},"end":{"line":4,"column":41}},"3":{"start":{"line":5,"column":12},"end":{"line":5,"column":35}},"4":{"start":{"line":9,"column":32},"end":{"line":9,"column":40}},"5":{"start":{"line":11,"column":4},"end":{"line":13,"column":5}},"6":{"start":{"line":12,"column":8},"end":{"line":12,"column":78}},"7":{"start":{"line":15,"column":4},"end":{"line":37,"column":5}},"8":{"start":{"line":16,"column":29},"end":{"line":16,"column":79}},"9":{"start":{"line":17,"column":8},"end":{"line":19,"column":9}},"10":{"start":{"line":18,"column":12},"end":{"line":18,"column":74}},"11":{"start":{"line":21,"column":8},"end":{"line":23,"column":9}},"12":{"start":{"line":22,"column":12},"end":{"line":22,"column":101}},"13":{"start":{"line":25,"column":31},"end":{"line":25,"column":59}},"14":{"start":{"line":27,"column":8},"end":{"line":32,"column":11}},"15":{"start":{"line":34,"column":8},"end":{"line":34,"column":79}},"16":{"start":{"line":36,"column":8},"end":{"line":36,"column":62}},"17":{"start":{"line":41,"column":32},"end":{"line":41,"column":40}},"18":{"start":{"line":43,"column":4},"end":{"line":45,"column":5}},"19":{"start":{"line":44,"column":8},"end":{"line":44,"column":78}},"20":{"start":{"line":46,"column":4},"end":{"line":69,"column":5}},"21":{"start":{"line":47,"column":21},"end":{"line":51,"column":10}},"22":{"start":{"line":53,"column":8},"end":{"line":55,"column":9}},"23":{"start":{"line":54,"column":12},"end":{"line":54,"column":74}},"24":{"start":{"line":57,"column":8},"end":{"line":57,"column":59}},"25":{"start":{"line":59,"column":22},"end":{"line":63,"column":9}},"26":{"start":{"line":65,"column":8},"end":{"line":65,"column":47}},"27":{"start":{"line":68,"column":8},"end":{"line":68,"column":62}},"28":{"start":{"line":72,"column":0},"end":{"line":75,"column":2}}},"fnMap":{"0":{"name":"registerUser","decl":{"start":{"line":8,"column":15},"end":{"line":8,"column":27}},"loc":{"start":{"line":8,"column":38},"end":{"line":38,"column":1}},"line":8},"1":{"name":"loginUser","decl":{"start":{"line":40,"column":15},"end":{"line":40,"column":24}},"loc":{"start":{"line":40,"column":35},"end":{"line":70,"column":1}},"line":40}},"branchMap":{"0":{"loc":{"start":{"line":11,"column":4},"end":{"line":13,"column":5}},"type":"if","locations":[{"start":{"line":11,"column":4},"end":{"line":13,"column":5}},{"start":{},"end":{}}],"line":11},"1":{"loc":{"start":{"line":11,"column":8},"end":{"line":11,"column":27}},"type":"binary-expr","locations":[{"start":{"line":11,"column":8},"end":{"line":11,"column":14}},{"start":{"line":11,"column":18},"end":{"line":11,"column":27}}],"line":11},"2":{"loc":{"start":{"line":17,"column":8},"end":{"line":19,"column":9}},"type":"if","locations":[{"start":{"line":17,"column":8},"end":{"line":19,"column":9}},{"start":{},"end":{}}],"line":17},"3":{"loc":{"start":{"line":21,"column":8},"end":{"line":23,"column":9}},"type":"if","locations":[{"start":{"line":21,"column":8},"end":{"line":23,"column":9}},{"start":{},"end":{}}],"line":21},"4":{"loc":{"start":{"line":43,"column":4},"end":{"line":45,"column":5}},"type":"if","locations":[{"start":{"line":43,"column":4},"end":{"line":45,"column":5}},{"start":{},"end":{}}],"line":43},"5":{"loc":{"start":{"line":43,"column":8},"end":{"line":43,"column":27}},"type":"binary-expr","locations":[{"start":{"line":43,"column":8},"end":{"line":43,"column":14}},{"start":{"line":43,"column":18},"end":{"line":43,"column":27}}],"line":43},"6":{"loc":{"start":{"line":53,"column":8},"end":{"line":55,"column":9}},"type":"if","locations":[{"start":{"line":53,"column":8},"end":{"line":55,"column":9}},{"start":{},"end":{}}],"line":53}},"s":{"0":5,"1":5,"2":5,"3":5,"4":7,"5":7,"6":1,"7":6,"8":6,"9":5,"10":2,"11":3,"12":1,"13":2,"14":2,"15":2,"16":1,"17":6,"18":6,"19":1,"20":5,"21":5,"22":4,"23":2,"24":2,"25":2,"26":2,"27":1,"28":5},"f":{"0":7,"1":6},"b":{"0":[1,6],"1":[7,6],"2":[2,3],"3":[1,2],"4":[1,5],"5":[6,5],"6":[2,2]},"_coverageSchema":"1a1c01bbd47fc00a2c39e90264f33305004495a9","hash":"f5e7285532e38ed242da173309e819cc49df018c"}
,"C:\\Users\\amber\\Git Repos\\job-application-tracker\\server\\controllers\\tagController.js": {"path":"C:\\Users\\amber\\Git Repos\\job-application-tracker\\server\\controllers\\tagController.js","statementMap":{"0":{"start":{"line":1,"column":24},"end":{"line":1,"column":55}},"1":{"start":{"line":2,"column":15},"end":{"line":2,"column":41}},"2":{"start":{"line":5,"column":4},"end":{"line":13,"column":5}},"3":{"start":{"line":6,"column":25},"end":{"line":8,"column":10}},"4":{"start":{"line":10,"column":8},"end":{"line":10,"column":39}},"5":{"start":{"line":12,"column":8},"end":{"line":12,"column":61}},"6":{"start":{"line":19,"column":17},"end":{"line":19,"column":38}},"7":{"start":{"line":20,"column":4},"end":{"line":20,"column":78}},"8":{"start":{"line":20,"column":15},"end":{"line":20,"column":78}},"9":{"start":{"line":22,"column":4},"end":{"line":48,"column":5}},"10":{"start":{"line":23,"column":28},"end":{"line":30,"column":10}},"11":{"start":{"line":32,"column":8},"end":{"line":34,"column":9}},"12":{"start":{"line":33,"column":12},"end":{"line":33,"column":53}},"13":{"start":{"line":37,"column":23},"end":{"line":42,"column":10}},"14":{"start":{"line":44,"column":8},"end":{"line":44,"column":44}},"15":{"start":{"line":47,"column":8},"end":{"line":47,"column":61}},"16":{"start":{"line":52,"column":19},"end":{"line":52,"column":29}},"17":{"start":{"line":54,"column":4},"end":{"line":74,"column":5}},"18":{"start":{"line":55,"column":28},"end":{"line":57,"column":10}},"19":{"start":{"line":59,"column":8},"end":{"line":61,"column":9}},"20":{"start":{"line":60,"column":12},"end":{"line":60,"column":68}},"21":{"start":{"line":63,"column":8},"end":{"line":65,"column":9}},"22":{"start":{"line":64,"column":12},"end":{"line":64,"column":64}},"23":{"start":{"line":67,"column":8},"end":{"line":69,"column":11}},"24":{"start":{"line":71,"column":8},"end":{"line":71,"column":31}},"25":{"start":{"line":73,"column":8},"end":{"line":73,"column":61}},"26":{"start":{"line":77,"column":0},"end":{"line":77,"column":54}}},"fnMap":{"0":{"name":"getUserTags","decl":{"start":{"line":4,"column":15},"end":{"line":4,"column":26}},"loc":{"start":{"line":4,"column":37},"end":{"line":14,"column":1}},"line":4},"1":{"name":"createTag","decl":{"start":{"line":17,"column":15},"end":{"line":17,"column":24}},"loc":{"start":{"line":17,"column":35},"end":{"line":49,"column":1}},"line":17},"2":{"name":"deleteTag","decl":{"start":{"line":51,"column":15},"end":{"line":51,"column":24}},"loc":{"start":{"line":51,"column":35},"end":{"line":75,"column":1}},"line":51}},"branchMap":{"0":{"loc":{"start":{"line":20,"column":4},"end":{"line":20,"column":78}},"type":"if","locations":[{"start":{"line":20,"column":4},"end":{"line":20,"column":78}},{"start":{},"end":{}}],"line":20},"1":{"loc":{"start":{"line":32,"column":8},"end":{"line":34,"column":9}},"type":"if","locations":[{"start":{"line":32,"column":8},"end":{"line":34,"column":9}},{"start":{},"end":{}}],"line":32},"2":{"loc":{"start":{"line":59,"column":8},"end":{"line":61,"column":9}},"type":"if","locations":[{"start":{"line":59,"column":8},"end":{"line":61,"column":9}},{"start":{},"end":{}}],"line":59},"3":{"loc":{"start":{"line":63,"column":8},"end":{"line":65,"column":9}},"type":"if","locations":[{"start":{"line":63,"column":8},"end":{"line":65,"column":9}},{"start":{},"end":{}}],"line":63}},"s":{"0":5,"1":5,"2":3,"3":3,"4":2,"5":1,"6":6,"7":6,"8":0,"9":6,"10":6,"11":6,"12":2,"13":4,"14":2,"15":2,"16":6,"17":6,"18":6,"19":6,"20":2,"21":4,"22":2,"23":2,"24":2,"25":0,"26":5},"f":{"0":3,"1":6,"2":6},"b":{"0":[0,6],"1":[2,4],"2":[2,4],"3":[2,2]},"_coverageSchema":"1a1c01bbd47fc00a2c39e90264f33305004495a9","hash":"1fa69dd33d44ae5bba39473bbca42ee17d2dc62e"}
,"C:\\Users\\amber\\Git Repos\\job-application-tracker\\server\\controllers\\userController.js": {"path":"C:\\Users\\amber\\Git Repos\\job-application-tracker\\server\\controllers\\userController.js","statementMap":{"0":{"start":{"line":1,"column":15},"end":{"line":1,"column":32}},"1":{"start":{"line":4,"column":64},"end":{"line":4,"column":97}},"2":{"start":{"line":5,"column":33},"end":{"line":5,"column":64}},"3":{"start":{"line":6,"column":24},"end":{"line":6,"column":55}},"4":{"start":{"line":8,"column":15},"end":{"line":8,"column":41}},"5":{"start":{"line":10,"column":12},"end":{"line":10,"column":35}},"6":{"start":{"line":14,"column":25},"end":{"line":14,"column":33}},"7":{"start":{"line":16,"column":4},"end":{"line":18,"column":5}},"8":{"start":{"line":17,"column":8},"end":{"line":17,"column":68}},"9":{"start":{"line":20,"column":4},"end":{"line":32,"column":5}},"10":{"start":{"line":21,"column":21},"end":{"line":21,"column":64}},"11":{"start":{"line":23,"column":8},"end":{"line":23,"column":59}},"12":{"start":{"line":25,"column":8},"end":{"line":27,"column":11}},"13":{"start":{"line":29,"column":8},"end":{"line":29,"column":38}},"14":{"start":{"line":31,"column":8},"end":{"line":31,"column":62}},"15":{"start":{"line":36,"column":35},"end":{"line":36,"column":43}},"16":{"start":{"line":38,"column":4},"end":{"line":40,"column":5}},"17":{"start":{"line":39,"column":8},"end":{"line":39,"column":68}},"18":{"start":{"line":42,"column":4},"end":{"line":44,"column":5}},"19":{"start":{"line":43,"column":8},"end":{"line":43,"column":69}},"20":{"start":{"line":46,"column":4},"end":{"line":77,"column":5}},"21":{"start":{"line":47,"column":21},"end":{"line":47,"column":64}},"22":{"start":{"line":49,"column":8},"end":{"line":49,"column":59}},"23":{"start":{"line":51,"column":25},"end":{"line":53,"column":10}},"24":{"start":{"line":54,"column":8},"end":{"line":56,"column":9}},"25":{"start":{"line":55,"column":12},"end":{"line":55,"column":75}},"26":{"start":{"line":58,"column":8},"end":{"line":61,"column":11}},"27":{"start":{"line":63,"column":8},"end":{"line":63,"column":67}},"28":{"start":{"line":76,"column":8},"end":{"line":76,"column":63}},"29":{"start":{"line":81,"column":43},"end":{"line":81,"column":51}},"30":{"start":{"line":83,"column":4},"end":{"line":85,"column":5}},"31":{"start":{"line":84,"column":8},"end":{"line":84,"column":73}},"32":{"start":{"line":87,"column":4},"end":{"line":106,"column":5}},"33":{"start":{"line":88,"column":8},"end":{"line":90,"column":9}},"34":{"start":{"line":89,"column":12},"end":{"line":89,"column":101}},"35":{"start":{"line":92,"column":21},"end":{"line":92,"column":64}},"36":{"start":{"line":94,"column":8},"end":{"line":94,"column":63}},"37":{"start":{"line":96,"column":31},"end":{"line":96,"column":63}},"38":{"start":{"line":98,"column":28},"end":{"line":101,"column":10}},"39":{"start":{"line":103,"column":8},"end":{"line":103,"column":70}},"40":{"start":{"line":105,"column":8},"end":{"line":105,"column":66}},"41":{"start":{"line":109,"column":0},"end":{"line":113,"column":2}}},"fnMap":{"0":{"name":"deleteUser","decl":{"start":{"line":13,"column":15},"end":{"line":13,"column":25}},"loc":{"start":{"line":13,"column":36},"end":{"line":33,"column":1}},"line":13},"1":{"name":"updateEmail","decl":{"start":{"line":35,"column":15},"end":{"line":35,"column":26}},"loc":{"start":{"line":35,"column":37},"end":{"line":78,"column":1}},"line":35},"2":{"name":"updatePassword","decl":{"start":{"line":80,"column":15},"end":{"line":80,"column":29}},"loc":{"start":{"line":80,"column":40},"end":{"line":107,"column":1}},"line":80}},"branchMap":{"0":{"loc":{"start":{"line":16,"column":4},"end":{"line":18,"column":5}},"type":"if","locations":[{"start":{"line":16,"column":4},"end":{"line":18,"column":5}},{"start":{},"end":{}}],"line":16},"1":{"loc":{"start":{"line":38,"column":4},"end":{"line":40,"column":5}},"type":"if","locations":[{"start":{"line":38,"column":4},"end":{"line":40,"column":5}},{"start":{},"end":{}}],"line":38},"2":{"loc":{"start":{"line":42,"column":4},"end":{"line":44,"column":5}},"type":"if","locations":[{"start":{"line":42,"column":4},"end":{"line":44,"column":5}},{"start":{},"end":{}}],"line":42},"3":{"loc":{"start":{"line":54,"column":8},"end":{"line":56,"column":9}},"type":"if","locations":[{"start":{"line":54,"column":8},"end":{"line":56,"column":9}},{"start":{},"end":{}}],"line":54},"4":{"loc":{"start":{"line":83,"column":4},"end":{"line":85,"column":5}},"type":"if","locations":[{"start":{"line":83,"column":4},"end":{"line":85,"column":5}},{"start":{},"end":{}}],"line":83},"5":{"loc":{"start":{"line":83,"column":8},"end":{"line":83,"column":38}},"type":"binary-expr","locations":[{"start":{"line":83,"column":8},"end":{"line":83,"column":21}},{"start":{"line":83,"column":25},"end":{"line":83,"column":38}}],"line":83},"6":{"loc":{"start":{"line":88,"column":8},"end":{"line":90,"column":9}},"type":"if","locations":[{"start":{"line":88,"column":8},"end":{"line":90,"column":9}},{"start":{},"end":{}}],"line":88}},"s":{"0":5,"1":5,"2":5,"3":5,"4":5,"5":5,"6":6,"7":6,"8":2,"9":4,"10":4,"11":3,"12":2,"13":2,"14":2,"15":6,"16":6,"17":1,"18":5,"19":1,"20":4,"21":4,"22":3,"23":2,"24":2,"25":1,"26":1,"27":1,"28":2,"29":5,"30":5,"31":1,"32":4,"33":4,"34":1,"35":3,"36":2,"37":1,"38":1,"39":1,"40":2,"41":5},"f":{"0":6,"1":6,"2":5},"b":{"0":[2,4],"1":[1,5],"2":[1,4],"3":[1,1],"4":[1,4],"5":[5,4],"6":[1,3]},"_coverageSchema":"1a1c01bbd47fc00a2c39e90264f33305004495a9","hash":"7d9b9e2c5ee1e164e7ce3a0ade5e60c80a2c0d46"}
,"C:\\Users\\amber\\Git Repos\\job-application-tracker\\server\\middleware\\authMiddleware.js": {"path":"C:\\Users\\amber\\Git Repos\\job-application-tracker\\server\\middleware\\authMiddleware.js","statementMap":{"0":{"start":{"line":2,"column":12},"end":{"line":2,"column":35}},"1":{"start":{"line":5,"column":21},"end":{"line":5,"column":49}},"2":{"start":{"line":6,"column":16},"end":{"line":6,"column":54}},"3":{"start":{"line":8,"column":2},"end":{"line":8,"column":74}},"4":{"start":{"line":8,"column":14},"end":{"line":8,"column":74}},"5":{"start":{"line":10,"column":2},"end":{"line":15,"column":5}},"6":{"start":{"line":11,"column":4},"end":{"line":11,"column":69}},"7":{"start":{"line":11,"column":13},"end":{"line":11,"column":69}},"8":{"start":{"line":13,"column":4},"end":{"line":13,"column":20}},"9":{"start":{"line":14,"column":4},"end":{"line":14,"column":11}},"10":{"start":{"line":18,"column":0},"end":{"line":18,"column":35}}},"fnMap":{"0":{"name":"authenticateToken","decl":{"start":{"line":4,"column":9},"end":{"line":4,"column":26}},"loc":{"start":{"line":4,"column":43},"end":{"line":16,"column":1}},"line":4},"1":{"name":"(anonymous_1)","decl":{"start":{"line":10,"column":44},"end":{"line":10,"column":45}},"loc":{"start":{"line":10,"column":59},"end":{"line":15,"column":3}},"line":10}},"branchMap":{"0":{"loc":{"start":{"line":6,"column":16},"end":{"line":6,"column":54}},"type":"binary-expr","locations":[{"start":{"line":6,"column":16},"end":{"line":6,"column":26}},{"start":{"line":6,"column":30},"end":{"line":6,"column":54}}],"line":6},"1":{"loc":{"start":{"line":8,"column":2},"end":{"line":8,"column":74}},"type":"if","locations":[{"start":{"line":8,"column":2},"end":{"line":8,"column":74}},{"start":{},"end":{}}],"line":8},"2":{"loc":{"start":{"line":11,"column":4},"end":{"line":11,"column":69}},"type":"if","locations":[{"start":{"line":11,"column":4},"end":{"line":11,"column":69}},{"start":{},"end":{}}],"line":11}},"s":{"0":2,"1":3,"2":3,"3":3,"4":1,"5":2,"6":2,"7":1,"8":1,"9":1,"10":2},"f":{"0":3,"1":2},"b":{"0":[3,2],"1":[1,2],"2":[1,1]},"_coverageSchema":"1a1c01bbd47fc00a2c39e90264f33305004495a9","hash":"e9d0d590a6760e277cd09dafea424ed3679f2ed0"}
,"C:\\Users\\amber\\Git Repos\\job-application-tracker\\server\\middleware\\schemaValidation.js": {"path":"C:\\Users\\amber\\Git Repos\\job-application-tracker\\server\\middleware\\schemaValidation.js","statementMap":{"0":{"start":{"line":1,"column":21},"end":{"line":1,"column":35}},"1":{"start":{"line":4,"column":2},"end":{"line":16,"column":4}},"2":{"start":{"line":5,"column":4},"end":{"line":15,"column":5}},"3":{"start":{"line":6,"column":19},"end":{"line":6,"column":30}},"4":{"start":{"line":7,"column":21},"end":{"line":7,"column":39}},"5":{"start":{"line":8,"column":6},"end":{"line":8,"column":29}},"6":{"start":{"line":9,"column":6},"end":{"line":9,"column":13}},"7":{"start":{"line":11,"column":6},"end":{"line":13,"column":7}},"8":{"start":{"line":12,"column":8},"end":{"line":12,"column":60}},"9":{"start":{"line":14,"column":6},"end":{"line":14,"column":76}},"10":{"start":{"line":19,"column":0},"end":{"line":19,"column":26}}},"fnMap":{"0":{"name":"validate","decl":{"start":{"line":3,"column":9},"end":{"line":3,"column":17}},"loc":{"start":{"line":3,"column":43},"end":{"line":17,"column":1}},"line":3},"1":{"name":"(anonymous_1)","decl":{"start":{"line":4,"column":9},"end":{"line":4,"column":10}},"loc":{"start":{"line":4,"column":29},"end":{"line":16,"column":3}},"line":4}},"branchMap":{"0":{"loc":{"start":{"line":3,"column":26},"end":{"line":3,"column":41}},"type":"default-arg","locations":[{"start":{"line":3,"column":35},"end":{"line":3,"column":41}}],"line":3},"1":{"loc":{"start":{"line":11,"column":6},"end":{"line":13,"column":7}},"type":"if","locations":[{"start":{"line":11,"column":6},"end":{"line":13,"column":7}},{"start":{},"end":{}}],"line":11}},"s":{"0":4,"1":40,"2":28,"3":28,"4":28,"5":18,"6":18,"7":10,"8":10,"9":0,"10":4},"f":{"0":40,"1":28},"b":{"0":[28],"1":[10,0]},"_coverageSchema":"1a1c01bbd47fc00a2c39e90264f33305004495a9","hash":"ff4e2d9942bcb0321b6c737c3e804dd408702cca"}
,"C:\\Users\\amber\\Git Repos\\job-application-tracker\\server\\routes\\application.js": {"path":"C:\\Users\\amber\\Git Repos\\job-application-tracker\\server\\routes\\application.js","statementMap":{"0":{"start":{"line":1,"column":16},"end":{"line":1,"column":34}},"1":{"start":{"line":2,"column":15},"end":{"line":2,"column":31}},"2":{"start":{"line":3,"column":89},"end":{"line":3,"column":136}},"3":{"start":{"line":4,"column":17},"end":{"line":4,"column":58}},"4":{"start":{"line":5,"column":26},"end":{"line":5,"column":65}},"5":{"start":{"line":12,"column":4},"end":{"line":12,"column":47}},"6":{"start":{"line":15,"column":0},"end":{"line":15,"column":84}},"7":{"start":{"line":18,"column":0},"end":{"line":18,"column":88}},"8":{"start":{"line":21,"column":0},"end":{"line":27,"column":2}},"9":{"start":{"line":30,"column":0},"end":{"line":30,"column":95}},"10":{"start":{"line":32,"column":0},"end":{"line":32,"column":24}}},"fnMap":{},"branchMap":{},"s":{"0":4,"1":4,"2":4,"3":4,"4":4,"5":4,"6":4,"7":4,"8":4,"9":4,"10":4},"f":{},"b":{},"_coverageSchema":"1a1c01bbd47fc00a2c39e90264f33305004495a9","hash":"370898b42234aec403bb3528c6416e02d66d0e87"}
,"C:\\Users\\amber\\Git Repos\\job-application-tracker\\server\\routes\\auth.js": {"path":"C:\\Users\\amber\\Git Repos\\job-application-tracker\\server\\routes\\auth.js","statementMap":{"0":{"start":{"line":1,"column":16},"end":{"line":1,"column":34}},"1":{"start":{"line":2,"column":36},"end":{"line":2,"column":76}},"2":{"start":{"line":3,"column":17},"end":{"line":3,"column":58}},"3":{"start":{"line":4,"column":40},"end":{"line":4,"column":76}},"4":{"start":{"line":6,"column":15},"end":{"line":6,"column":31}},"5":{"start":{"line":8,"column":0},"end":{"line":8,"column":65}},"6":{"start":{"line":9,"column":0},"end":{"line":9,"column":56}},"7":{"start":{"line":11,"column":0},"end":{"line":11,"column":24}}},"fnMap":{},"branchMap":{},"s":{"0":4,"1":4,"2":4,"3":4,"4":4,"5":4,"6":4,"7":4},"f":{},"b":{},"_coverageSchema":"1a1c01bbd47fc00a2c39e90264f33305004495a9","hash":"87c1083129fdbc40f78e1825753cec6d305632a6"}
,"C:\\Users\\amber\\Git Repos\\job-application-tracker\\server\\routes\\health.js": {"path":"C:\\Users\\amber\\Git Repos\\job-application-tracker\\server\\routes\\health.js","statementMap":{"0":{"start":{"line":2,"column":16},"end":{"line":2,"column":34}},"1":{"start":{"line":3,"column":15},"end":{"line":3,"column":31}},"2":{"start":{"line":5,"column":0},"end":{"line":7,"column":3}},"3":{"start":{"line":6,"column":2},"end":{"line":6,"column":44}},"4":{"start":{"line":9,"column":0},"end":{"line":9,"column":24}}},"fnMap":{"0":{"name":"(anonymous_0)","decl":{"start":{"line":5,"column":16},"end":{"line":5,"column":17}},"loc":{"start":{"line":5,"column":30},"end":{"line":7,"column":1}},"line":5}},"branchMap":{},"s":{"0":4,"1":4,"2":4,"3":0,"4":4},"f":{"0":0},"b":{},"_coverageSchema":"1a1c01bbd47fc00a2c39e90264f33305004495a9","hash":"a33031196ee106464641d07965f5ea1a1667b147"}
,"C:\\Users\\amber\\Git Repos\\job-application-tracker\\server\\routes\\tag.js": {"path":"C:\\Users\\amber\\Git Repos\\job-application-tracker\\server\\routes\\tag.js","statementMap":{"0":{"start":{"line":1,"column":16},"end":{"line":1,"column":34}},"1":{"start":{"line":2,"column":15},"end":{"line":2,"column":31}},"2":{"start":{"line":3,"column":46},"end":{"line":3,"column":85}},"3":{"start":{"line":4,"column":26},"end":{"line":4,"column":65}},"4":{"start":{"line":5,"column":17},"end":{"line":5,"column":58}},"5":{"start":{"line":6,"column":22},"end":{"line":6,"column":57}},"6":{"start":{"line":8,"column":0},"end":{"line":8,"column":48}},"7":{"start":{"line":9,"column":0},"end":{"line":9,"column":68}},"8":{"start":{"line":10,"column":0},"end":{"line":10,"column":52}},"9":{"start":{"line":12,"column":0},"end":{"line":12,"column":24}}},"fnMap":{},"branchMap":{},"s":{"0":4,"1":4,"2":4,"3":4,"4":4,"5":4,"6":4,"7":4,"8":4,"9":4},"f":{},"b":{},"_coverageSchema":"1a1c01bbd47fc00a2c39e90264f33305004495a9","hash":"2781fd3f7e74610347ead554e09db3040d312ba9"}
,"C:\\Users\\amber\\Git Repos\\job-application-tracker\\server\\routes\\user.js": {"path":"C:\\Users\\amber\\Git Repos\\job-application-tracker\\server\\routes\\user.js","statementMap":{"0":{"start":{"line":1,"column":16},"end":{"line":1,"column":34}},"1":{"start":{"line":2,"column":15},"end":{"line":2,"column":31}},"2":{"start":{"line":3,"column":26},"end":{"line":3,"column":65}},"3":{"start":{"line":4,"column":52},"end":{"line":4,"column":92}},"4":{"start":{"line":5,"column":17},"end":{"line":5,"column":58}},"5":{"start":{"line":6,"column":52},"end":{"line":6,"column":88}},"6":{"start":{"line":8,"column":0},"end":{"line":8,"column":64}},"7":{"start":{"line":9,"column":0},"end":{"line":9,"column":89}},"8":{"start":{"line":10,"column":0},"end":{"line":10,"column":98}},"9":{"start":{"line":12,"column":0},"end":{"line":12,"column":24}}},"fnMap":{},"branchMap":{},"s":{"0":4,"1":4,"2":4,"3":4,"4":4,"5":4,"6":4,"7":4,"8":4,"9":4},"f":{},"b":{},"_coverageSchema":"1a1c01bbd47fc00a2c39e90264f33305004495a9","hash":"47c19d639b978898e2a4a4dee9058ae2ac1527e2"}
,"C:\\Users\\amber\\Git Repos\\job-application-tracker\\server\\services\\applicationService.js": {"path":"C:\\Users\\amber\\Git Repos\\job-application-tracker\\server\\services\\applicationService.js","statementMap":{"0":{"start":{"line":1,"column":15},"end":{"line":1,"column":41}},"1":{"start":{"line":13,"column":22},"end":{"line":13,"column":25}},"2":{"start":{"line":17,"column":2},"end":{"line":20,"column":3}},"3":{"start":{"line":18,"column":4},"end":{"line":18,"column":69}},"4":{"start":{"line":19,"column":4},"end":{"line":19,"column":13}},"5":{"start":{"line":23,"column":2},"end":{"line":29,"column":3}},"6":{"start":{"line":24,"column":4},"end":{"line":24,"column":78}},"7":{"start":{"line":25,"column":4},"end":{"line":25,"column":18}},"8":{"start":{"line":26,"column":9},"end":{"line":29,"column":3}},"9":{"start":{"line":27,"column":4},"end":{"line":27,"column":104}},"10":{"start":{"line":28,"column":4},"end":{"line":28,"column":29}},"11":{"start":{"line":31,"column":22},"end":{"line":43,"column":3}},"12":{"start":{"line":45,"column":37},"end":{"line":56,"column":4}},"13":{"start":{"line":58,"column":2},"end":{"line":64,"column":4}},"14":{"start":{"line":67,"column":0},"end":{"line":69,"column":2}}},"fnMap":{"0":{"name":"getPaginatedApplications","decl":{"start":{"line":15,"column":15},"end":{"line":15,"column":39}},"loc":{"start":{"line":15,"column":93},"end":{"line":65,"column":1}},"line":15}},"branchMap":{"0":{"loc":{"start":{"line":15,"column":50},"end":{"line":15,"column":58}},"type":"default-arg","locations":[{"start":{"line":15,"column":57},"end":{"line":15,"column":58}}],"line":15},"1":{"loc":{"start":{"line":15,"column":60},"end":{"line":15,"column":73}},"type":"default-arg","locations":[{"start":{"line":15,"column":71},"end":{"line":15,"column":73}}],"line":15},"2":{"loc":{"start":{"line":15,"column":75},"end":{"line":15,"column":89}},"type":"default-arg","locations":[{"start":{"line":15,"column":87},"end":{"line":15,"column":89}}],"line":15},"3":{"loc":{"start":{"line":17,"column":2},"end":{"line":20,"column":3}},"type":"if","locations":[{"start":{"line":17,"column":2},"end":{"line":20,"column":3}},{"start":{},"end":{}}],"line":17},"4":{"loc":{"start":{"line":17,"column":6},"end":{"line":17,"column":42}},"type":"binary-expr","locations":[{"start":{"line":17,"column":6},"end":{"line":17,"column":30}},{"start":{"line":17,"column":34},"end":{"line":17,"column":42}}],"line":17},"5":{"loc":{"start":{"line":23,"column":2},"end":{"line":29,"column":3}},"type":"if","locations":[{"start":{"line":23,"column":2},"end":{"line":29,"column":3}},{"start":{"line":26,"column":9},"end":{"line":29,"column":3}}],"line":23},"6":{"loc":{"start":{"line":23,"column":6},"end":{"line":23,"column":50}},"type":"binary-expr","locations":[{"start":{"line":23,"column":6},"end":{"line":23,"column":34}},{"start":{"line":23,"column":38},"end":{"line":23,"column":50}}],"line":23},"7":{"loc":{"start":{"line":26,"column":9},"end":{"line":29,"column":3}},"type":"if","locations":[{"start":{"line":26,"column":9},"end":{"line":29,"column":3}},{"start":{},"end":{}}],"line":26},"8":{"loc":{"start":{"line":33,"column":8},"end":{"line":42,"column":5}},"type":"binary-expr","locations":[{"start":{"line":33,"column":8},"end":{"line":33,"column":32}},{"start":{"line":33,"column":36},"end":{"line":33,"column":56}},{"start":{"line":33,"column":60},"end":{"line":42,"column":5}}],"line":33}},"s":{"0":4,"1":4,"2":7,"3":1,"4":1,"5":7,"6":2,"7":2,"8":5,"9":0,"10":0,"11":7,"12":7,"13":7,"14":4},"f":{"0":7},"b":{"0":[0],"1":[0],"2":[5],"3":[1,6],"4":[7,7],"5":[2,5],"6":[7,7],"7":[0,5],"8":[7,6,1]},"_coverageSchema":"1a1c01bbd47fc00a2c39e90264f33305004495a9","hash":"2f4cbd6922a9fcc945ee5f74fa7b096ff96a7417"}
,"C:\\Users\\amber\\Git Repos\\job-application-tracker\\server\\utils\\authHelpers.js": {"path":"C:\\Users\\amber\\Git Repos\\job-application-tracker\\server\\utils\\authHelpers.js","statementMap":{"0":{"start":{"line":1,"column":15},"end":{"line":1,"column":34}},"1":{"start":{"line":4,"column":2},"end":{"line":4,"column":54}},"2":{"start":{"line":4,"column":15},"end":{"line":4,"column":54}},"3":{"start":{"line":6,"column":15},"end":{"line":8,"column":4}},"4":{"start":{"line":10,"column":2},"end":{"line":14,"column":3}},"5":{"start":{"line":11,"column":16},"end":{"line":11,"column":43}},"6":{"start":{"line":12,"column":4},"end":{"line":12,"column":25}},"7":{"start":{"line":13,"column":4},"end":{"line":13,"column":14}},"8":{"start":{"line":15,"column":2},"end":{"line":15,"column":14}},"9":{"start":{"line":18,"column":0},"end":{"line":18,"column":42}}},"fnMap":{"0":{"name":"getAuthenticatedUser","decl":{"start":{"line":3,"column":15},"end":{"line":3,"column":35}},"loc":{"start":{"line":3,"column":44},"end":{"line":16,"column":1}},"line":3}},"branchMap":{"0":{"loc":{"start":{"line":4,"column":2},"end":{"line":4,"column":54}},"type":"if","locations":[{"start":{"line":4,"column":2},"end":{"line":4,"column":54}},{"start":{},"end":{}}],"line":4},"1":{"loc":{"start":{"line":10,"column":2},"end":{"line":14,"column":3}},"type":"if","locations":[{"start":{"line":10,"column":2},"end":{"line":14,"column":3}},{"start":{},"end":{}}],"line":10}},"s":{"0":4,"1":3,"2":1,"3":2,"4":2,"5":1,"6":1,"7":1,"8":1,"9":4},"f":{"0":3},"b":{"0":[1,2],"1":[1,1]},"_coverageSchema":"1a1c01bbd47fc00a2c39e90264f33305004495a9","hash":"aab5aad48a3255a5d8a12cbda17c3636e003890d"}
,"C:\\Users\\amber\\Git Repos\\job-application-tracker\\server\\utils\\handleError.js": {"path":"C:\\Users\\amber\\Git Repos\\job-application-tracker\\server\\utils\\handleError.js","statementMap":{"0":{"start":{"line":2,"column":2},"end":{"line":2,"column":21}},"1":{"start":{"line":3,"column":17},"end":{"line":3,"column":52}},"2":{"start":{"line":4,"column":18},"end":{"line":4,"column":48}},"3":{"start":{"line":5,"column":2},"end":{"line":5,"column":53}},"4":{"start":{"line":8,"column":0},"end":{"line":8,"column":33}}},"fnMap":{"0":{"name":"handleError","decl":{"start":{"line":1,"column":9},"end":{"line":1,"column":20}},"loc":{"start":{"line":1,"column":74},"end":{"line":6,"column":1}},"line":1}},"branchMap":{"0":{"loc":{"start":{"line":1,"column":31},"end":{"line":1,"column":72}},"type":"default-arg","locations":[{"start":{"line":1,"column":49},"end":{"line":1,"column":72}}],"line":1},"1":{"loc":{"start":{"line":3,"column":17},"end":{"line":3,"column":52}},"type":"binary-expr","locations":[{"start":{"line":3,"column":17},"end":{"line":3,"column":31}},{"start":{"line":3,"column":35},"end":{"line":3,"column":45}},{"start":{"line":3,"column":49},"end":{"line":3,"column":52}}],"line":3},"2":{"loc":{"start":{"line":4,"column":18},"end":{"line":4,"column":48}},"type":"binary-expr","locations":[{"start":{"line":4,"column":18},"end":{"line":4,"column":29}},{"start":{"line":4,"column":33},"end":{"line":4,"column":48}}],"line":4}},"s":{"0":5,"1":5,"2":5,"3":5,"4":4},"f":{"0":5},"b":{"0":[3],"1":[5,4,3],"2":[5,2]},"_coverageSchema":"1a1c01bbd47fc00a2c39e90264f33305004495a9","hash":"fb56d857c0d1f8fee54e1d344c338aa513d969db"}
,"C:\\Users\\amber\\Git Repos\\job-application-tracker\\server\\utils\\passwordUtils.js": {"path":"C:\\Users\\amber\\Git Repos\\job-application-tracker\\server\\utils\\passwordUtils.js","statementMap":{"0":{"start":{"line":1,"column":15},"end":{"line":1,"column":32}},"1":{"start":{"line":5,"column":26},"end":{"line":5,"column":96}},"2":{"start":{"line":6,"column":2},"end":{"line":6,"column":40}},"3":{"start":{"line":10,"column":2},"end":{"line":10,"column":41}},"4":{"start":{"line":14,"column":18},"end":{"line":14,"column":69}},"5":{"start":{"line":15,"column":2},"end":{"line":19,"column":3}},"6":{"start":{"line":16,"column":16},"end":{"line":16,"column":48}},"7":{"start":{"line":17,"column":4},"end":{"line":17,"column":21}},"8":{"start":{"line":18,"column":4},"end":{"line":18,"column":14}},"9":{"start":{"line":22,"column":0},"end":{"line":26,"column":2}}},"fnMap":{"0":{"name":"isPasswordComplex","decl":{"start":{"line":3,"column":9},"end":{"line":3,"column":26}},"loc":{"start":{"line":3,"column":37},"end":{"line":7,"column":1}},"line":3},"1":{"name":"hashPassword","decl":{"start":{"line":9,"column":15},"end":{"line":9,"column":27}},"loc":{"start":{"line":9,"column":38},"end":{"line":11,"column":1}},"line":9},"2":{"name":"verifyPasswordMatch","decl":{"start":{"line":13,"column":15},"end":{"line":13,"column":34}},"loc":{"start":{"line":13,"column":66},"end":{"line":20,"column":1}},"line":13}},"branchMap":{"0":{"loc":{"start":{"line":15,"column":2},"end":{"line":19,"column":3}},"type":"if","locations":[{"start":{"line":15,"column":2},"end":{"line":19,"column":3}},{"start":{},"end":{}}],"line":15}},"s":{"0":4,"1":5,"2":5,"3":1,"4":3,"5":3,"6":1,"7":1,"8":1,"9":4},"f":{"0":5,"1":1,"2":3},"b":{"0":[1,2]},"_coverageSchema":"1a1c01bbd47fc00a2c39e90264f33305004495a9","hash":"7bb850299c49ab72e214d1920f9adaf48c6a0a16"}
,"C:\\Users\\amber\\Git Repos\\job-application-tracker\\server\\validation\\applicationSchemas.js": {"path":"C:\\Users\\amber\\Git Repos\\job-application-tracker\\server\\validation\\applicationSchemas.js","statementMap":{"0":{"start":{"line":1,"column":14},"end":{"line":1,"column":28}},"1":{"start":{"line":4,"column":21},"end":{"line":4,"column":39}},"2":{"start":{"line":7,"column":23},"end":{"line":7,"column":47}},"3":{"start":{"line":10,"column":26},"end":{"line":19,"column":2}},"4":{"start":{"line":22,"column":32},"end":{"line":24,"column":2}},"5":{"start":{"line":27,"column":20},"end":{"line":38,"column":2}},"6":{"start":{"line":35,"column":54},"end":{"line":35,"column":59}},"7":{"start":{"line":41,"column":22},"end":{"line":43,"column":2}},"8":{"start":{"line":45,"column":0},"end":{"line":50,"column":2}}},"fnMap":{"0":{"name":"(anonymous_0)","decl":{"start":{"line":35,"column":47},"end":{"line":35,"column":48}},"loc":{"start":{"line":35,"column":54},"end":{"line":35,"column":59}},"line":35}},"branchMap":{},"s":{"0":4,"1":4,"2":4,"3":4,"4":4,"5":4,"6":0,"7":4,"8":4},"f":{"0":0},"b":{},"_coverageSchema":"1a1c01bbd47fc00a2c39e90264f33305004495a9","hash":"a27632e9eedea62d5a44ed5cd613602fafa54720"}
,"C:\\Users\\amber\\Git Repos\\job-application-tracker\\server\\validation\\tagSchemas.js": {"path":"C:\\Users\\amber\\Git Repos\\job-application-tracker\\server\\validation\\tagSchemas.js","statementMap":{"0":{"start":{"line":1,"column":14},"end":{"line":1,"column":28}},"1":{"start":{"line":3,"column":18},"end":{"line":9,"column":2}},"2":{"start":{"line":11,"column":0},"end":{"line":13,"column":2}}},"fnMap":{},"branchMap":{},"s":{"0":4,"1":4,"2":4},"f":{},"b":{},"_coverageSchema":"1a1c01bbd47fc00a2c39e90264f33305004495a9","hash":"44b73d886fb7b0cf5422c42d4199adcbeeedda39"}
,"C:\\Users\\amber\\Git Repos\\job-application-tracker\\server\\validation\\userSchemas.js": {"path":"C:\\Users\\amber\\Git Repos\\job-application-tracker\\server\\validation\\userSchemas.js","statementMap":{"0":{"start":{"line":1,"column":14},"end":{"line":1,"column":28}},"1":{"start":{"line":3,"column":20},"end":{"line":3,"column":73}},"2":{"start":{"line":5,"column":23},"end":{"line":11,"column":66}},"3":{"start":{"line":13,"column":23},"end":{"line":16,"column":2}},"4":{"start":{"line":18,"column":20},"end":{"line":21,"column":2}},"5":{"start":{"line":23,"column":26},"end":{"line":25,"column":2}},"6":{"start":{"line":27,"column":29},"end":{"line":30,"column":2}},"7":{"start":{"line":32,"column":0},"end":{"line":37,"column":2}}},"fnMap":{},"branchMap":{},"s":{"0":4,"1":4,"2":4,"3":4,"4":4,"5":4,"6":4,"7":4},"f":{},"b":{},"_coverageSchema":"1a1c01bbd47fc00a2c39e90264f33305004495a9","hash":"66ccdd532b5720846452702704711df6de88925d"}
}
