{"C:\\Users\\amber\\Git Repos\\job-application-tracker\\server\\app.js": {"path":"C:\\Users\\amber\\Git Repos\\job-application-tracker\\server\\app.js","statementMap":{"0":{"start":{"line":2,"column":16},"end":{"line":2,"column":34}},"1":{"start":{"line":3,"column":13},"end":{"line":3,"column":28}},"2":{"start":{"line":4,"column":15},"end":{"line":4,"column":32}},"3":{"start":{"line":6,"column":0},"end":{"line":6,"column":16}},"4":{"start":{"line":8,"column":12},"end":{"line":8,"column":21}},"5":{"start":{"line":10,"column":0},"end":{"line":10,"column":16}},"6":{"start":{"line":11,"column":0},"end":{"line":11,"column":24}},"7":{"start":{"line":14,"column":21},"end":{"line":14,"column":47}},"8":{"start":{"line":15,"column":0},"end":{"line":15,"column":27}},"9":{"start":{"line":17,"column":19},"end":{"line":17,"column":43}},"10":{"start":{"line":18,"column":0},"end":{"line":18,"column":29}},"11":{"start":{"line":20,"column":26},"end":{"line":20,"column":57}},"12":{"start":{"line":21,"column":0},"end":{"line":21,"column":44}},"13":{"start":{"line":23,"column":19},"end":{"line":23,"column":43}},"14":{"start":{"line":24,"column":0},"end":{"line":24,"column":29}},"15":{"start":{"line":26,"column":0},"end":{"line":26,"column":21}}},"fnMap":{},"branchMap":{},"s":{"0":3,"1":3,"2":3,"3":3,"4":3,"5":3,"6":3,"7":3,"8":3,"9":3,"10":3,"11":3,"12":3,"13":3,"14":3,"15":3},"f":{},"b":{},"_coverageSchema":"1a1c01bbd47fc00a2c39e90264f33305004495a9","hash":"c3f4805319a6257e65ab4bad6b2d7c1254c4d78e"}
,"C:\\Users\\amber\\Git Repos\\job-application-tracker\\server\\controllers\\applicationController.js": {"path":"C:\\Users\\amber\\Git Repos\\job-application-tracker\\server\\controllers\\applicationController.js","statementMap":{"0":{"start":{"line":1,"column":15},"end":{"line":1,"column":41}},"1":{"start":{"line":2,"column":24},"end":{"line":2,"column":55}},"2":{"start":{"line":5,"column":81},"end":{"line":5,"column":89}},"3":{"start":{"line":7,"column":4},"end":{"line":25,"column":5}},"4":{"start":{"line":8,"column":23},"end":{"line":19,"column":10}},"5":{"start":{"line":21,"column":8},"end":{"line":21,"column":37}},"6":{"start":{"line":24,"column":8},"end":{"line":24,"column":69}},"7":{"start":{"line":29,"column":4},"end":{"line":38,"column":5}},"8":{"start":{"line":30,"column":21},"end":{"line":33,"column":10}},"9":{"start":{"line":35,"column":8},"end":{"line":35,"column":35}},"10":{"start":{"line":37,"column":8},"end":{"line":37,"column":68}},"11":{"start":{"line":42,"column":19},"end":{"line":42,"column":29}},"12":{"start":{"line":43,"column":81},"end":{"line":43,"column":89}},"13":{"start":{"line":45,"column":4},"end":{"line":74,"column":5}},"14":{"start":{"line":46,"column":28},"end":{"line":48,"column":10}},"15":{"start":{"line":50,"column":8},"end":{"line":52,"column":9}},"16":{"start":{"line":51,"column":12},"end":{"line":51,"column":76}},"17":{"start":{"line":54,"column":8},"end":{"line":56,"column":9}},"18":{"start":{"line":55,"column":12},"end":{"line":55,"column":64}},"19":{"start":{"line":58,"column":27},"end":{"line":69,"column":10}},"20":{"start":{"line":71,"column":8},"end":{"line":71,"column":36}},"21":{"start":{"line":73,"column":8},"end":{"line":73,"column":69}},"22":{"start":{"line":78,"column":19},"end":{"line":78,"column":29}},"23":{"start":{"line":80,"column":4},"end":{"line":100,"column":5}},"24":{"start":{"line":81,"column":28},"end":{"line":83,"column":10}},"25":{"start":{"line":85,"column":8},"end":{"line":87,"column":9}},"26":{"start":{"line":86,"column":12},"end":{"line":86,"column":76}},"27":{"start":{"line":89,"column":8},"end":{"line":91,"column":9}},"28":{"start":{"line":90,"column":12},"end":{"line":90,"column":64}},"29":{"start":{"line":93,"column":8},"end":{"line":95,"column":11}},"30":{"start":{"line":97,"column":8},"end":{"line":97,"column":31}},"31":{"start":{"line":99,"column":8},"end":{"line":99,"column":69}},"32":{"start":{"line":103,"column":0},"end":{"line":108,"column":2}}},"fnMap":{"0":{"name":"createApplication","decl":{"start":{"line":4,"column":15},"end":{"line":4,"column":32}},"loc":{"start":{"line":4,"column":43},"end":{"line":26,"column":1}},"line":4},"1":{"name":"getUserApplications","decl":{"start":{"line":28,"column":15},"end":{"line":28,"column":34}},"loc":{"start":{"line":28,"column":45},"end":{"line":39,"column":1}},"line":28},"2":{"name":"updateApplication","decl":{"start":{"line":41,"column":15},"end":{"line":41,"column":32}},"loc":{"start":{"line":41,"column":43},"end":{"line":75,"column":1}},"line":41},"3":{"name":"deleteApplication","decl":{"start":{"line":77,"column":15},"end":{"line":77,"column":32}},"loc":{"start":{"line":77,"column":43},"end":{"line":101,"column":1}},"line":77}},"branchMap":{"0":{"loc":{"start":{"line":50,"column":8},"end":{"line":52,"column":9}},"type":"if","locations":[{"start":{"line":50,"column":8},"end":{"line":52,"column":9}},{"start":{},"end":{}}],"line":50},"1":{"loc":{"start":{"line":54,"column":8},"end":{"line":56,"column":9}},"type":"if","locations":[{"start":{"line":54,"column":8},"end":{"line":56,"column":9}},{"start":{},"end":{}}],"line":54},"2":{"loc":{"start":{"line":85,"column":8},"end":{"line":87,"column":9}},"type":"if","locations":[{"start":{"line":85,"column":8},"end":{"line":87,"column":9}},{"start":{},"end":{}}],"line":85},"3":{"loc":{"start":{"line":89,"column":8},"end":{"line":91,"column":9}},"type":"if","locations":[{"start":{"line":89,"column":8},"end":{"line":91,"column":9}},{"start":{},"end":{}}],"line":89}},"s":{"0":4,"1":4,"2":3,"3":3,"4":3,"5":2,"6":1,"7":2,"8":2,"9":2,"10":0,"11":6,"12":6,"13":6,"14":6,"15":6,"16":2,"17":4,"18":2,"19":2,"20":2,"21":0,"22":6,"23":6,"24":6,"25":6,"26":2,"27":4,"28":2,"29":2,"30":2,"31":0,"32":4},"f":{"0":3,"1":2,"2":6,"3":6},"b":{"0":[2,4],"1":[2,2],"2":[2,4],"3":[2,2]},"_coverageSchema":"1a1c01bbd47fc00a2c39e90264f33305004495a9","hash":"7aedfe8672bb5917519f2b9d3ffddbe85a64d534"}
,"C:\\Users\\amber\\Git Repos\\job-application-tracker\\server\\controllers\\authController.js": {"path":"C:\\Users\\amber\\Git Repos\\job-application-tracker\\server\\controllers\\authController.js","statementMap":{"0":{"start":{"line":1,"column":64},"end":{"line":1,"column":97}},"1":{"start":{"line":2,"column":24},"end":{"line":2,"column":55}},"2":{"start":{"line":4,"column":15},"end":{"line":4,"column":41}},"3":{"start":{"line":5,"column":12},"end":{"line":5,"column":35}},"4":{"start":{"line":9,"column":32},"end":{"line":9,"column":40}},"5":{"start":{"line":11,"column":4},"end":{"line":13,"column":5}},"6":{"start":{"line":12,"column":8},"end":{"line":12,"column":78}},"7":{"start":{"line":15,"column":4},"end":{"line":37,"column":5}},"8":{"start":{"line":16,"column":29},"end":{"line":16,"column":79}},"9":{"start":{"line":17,"column":8},"end":{"line":19,"column":9}},"10":{"start":{"line":18,"column":12},"end":{"line":18,"column":74}},"11":{"start":{"line":21,"column":8},"end":{"line":23,"column":9}},"12":{"start":{"line":22,"column":12},"end":{"line":22,"column":101}},"13":{"start":{"line":25,"column":31},"end":{"line":25,"column":59}},"14":{"start":{"line":27,"column":8},"end":{"line":32,"column":11}},"15":{"start":{"line":34,"column":8},"end":{"line":34,"column":79}},"16":{"start":{"line":36,"column":8},"end":{"line":36,"column":62}},"17":{"start":{"line":41,"column":32},"end":{"line":41,"column":40}},"18":{"start":{"line":43,"column":4},"end":{"line":45,"column":5}},"19":{"start":{"line":44,"column":8},"end":{"line":44,"column":78}},"20":{"start":{"line":46,"column":4},"end":{"line":69,"column":5}},"21":{"start":{"line":47,"column":21},"end":{"line":51,"column":10}},"22":{"start":{"line":53,"column":8},"end":{"line":55,"column":9}},"23":{"start":{"line":54,"column":12},"end":{"line":54,"column":74}},"24":{"start":{"line":57,"column":8},"end":{"line":57,"column":59}},"25":{"start":{"line":59,"column":22},"end":{"line":63,"column":9}},"26":{"start":{"line":65,"column":8},"end":{"line":65,"column":47}},"27":{"start":{"line":68,"column":8},"end":{"line":68,"column":62}},"28":{"start":{"line":72,"column":0},"end":{"line":75,"column":2}}},"fnMap":{"0":{"name":"registerUser","decl":{"start":{"line":8,"column":15},"end":{"line":8,"column":27}},"loc":{"start":{"line":8,"column":38},"end":{"line":38,"column":1}},"line":8},"1":{"name":"loginUser","decl":{"start":{"line":40,"column":15},"end":{"line":40,"column":24}},"loc":{"start":{"line":40,"column":35},"end":{"line":70,"column":1}},"line":40}},"branchMap":{"0":{"loc":{"start":{"line":11,"column":4},"end":{"line":13,"column":5}},"type":"if","locations":[{"start":{"line":11,"column":4},"end":{"line":13,"column":5}},{"start":{},"end":{}}],"line":11},"1":{"loc":{"start":{"line":11,"column":8},"end":{"line":11,"column":27}},"type":"binary-expr","locations":[{"start":{"line":11,"column":8},"end":{"line":11,"column":14}},{"start":{"line":11,"column":18},"end":{"line":11,"column":27}}],"line":11},"2":{"loc":{"start":{"line":17,"column":8},"end":{"line":19,"column":9}},"type":"if","locations":[{"start":{"line":17,"column":8},"end":{"line":19,"column":9}},{"start":{},"end":{}}],"line":17},"3":{"loc":{"start":{"line":21,"column":8},"end":{"line":23,"column":9}},"type":"if","locations":[{"start":{"line":21,"column":8},"end":{"line":23,"column":9}},{"start":{},"end":{}}],"line":21},"4":{"loc":{"start":{"line":43,"column":4},"end":{"line":45,"column":5}},"type":"if","locations":[{"start":{"line":43,"column":4},"end":{"line":45,"column":5}},{"start":{},"end":{}}],"line":43},"5":{"loc":{"start":{"line":43,"column":8},"end":{"line":43,"column":27}},"type":"binary-expr","locations":[{"start":{"line":43,"column":8},"end":{"line":43,"column":14}},{"start":{"line":43,"column":18},"end":{"line":43,"column":27}}],"line":43},"6":{"loc":{"start":{"line":53,"column":8},"end":{"line":55,"column":9}},"type":"if","locations":[{"start":{"line":53,"column":8},"end":{"line":55,"column":9}},{"start":{},"end":{}}],"line":53}},"s":{"0":4,"1":4,"2":4,"3":4,"4":9,"5":9,"6":2,"7":7,"8":7,"9":6,"10":2,"11":4,"12":2,"13":2,"14":2,"15":2,"16":1,"17":7,"18":7,"19":2,"20":5,"21":5,"22":4,"23":2,"24":2,"25":2,"26":2,"27":1,"28":4},"f":{"0":9,"1":7},"b":{"0":[2,7],"1":[9,7],"2":[2,4],"3":[2,2],"4":[2,5],"5":[7,5],"6":[2,2]},"_coverageSchema":"1a1c01bbd47fc00a2c39e90264f33305004495a9","hash":"f5e7285532e38ed242da173309e819cc49df018c"}
,"C:\\Users\\amber\\Git Repos\\job-application-tracker\\server\\controllers\\userController.js": {"path":"C:\\Users\\amber\\Git Repos\\job-application-tracker\\server\\controllers\\userController.js","statementMap":{"0":{"start":{"line":1,"column":15},"end":{"line":1,"column":32}},"1":{"start":{"line":4,"column":64},"end":{"line":4,"column":97}},"2":{"start":{"line":5,"column":33},"end":{"line":5,"column":64}},"3":{"start":{"line":6,"column":24},"end":{"line":6,"column":55}},"4":{"start":{"line":8,"column":15},"end":{"line":8,"column":41}},"5":{"start":{"line":10,"column":12},"end":{"line":10,"column":35}},"6":{"start":{"line":14,"column":25},"end":{"line":14,"column":33}},"7":{"start":{"line":15,"column":4},"end":{"line":17,"column":5}},"8":{"start":{"line":16,"column":8},"end":{"line":16,"column":68}},"9":{"start":{"line":19,"column":4},"end":{"line":31,"column":5}},"10":{"start":{"line":20,"column":21},"end":{"line":20,"column":64}},"11":{"start":{"line":22,"column":8},"end":{"line":22,"column":59}},"12":{"start":{"line":24,"column":8},"end":{"line":26,"column":11}},"13":{"start":{"line":28,"column":8},"end":{"line":28,"column":38}},"14":{"start":{"line":30,"column":8},"end":{"line":30,"column":62}},"15":{"start":{"line":35,"column":35},"end":{"line":35,"column":43}},"16":{"start":{"line":37,"column":4},"end":{"line":39,"column":5}},"17":{"start":{"line":38,"column":8},"end":{"line":38,"column":68}},"18":{"start":{"line":41,"column":4},"end":{"line":43,"column":5}},"19":{"start":{"line":42,"column":8},"end":{"line":42,"column":69}},"20":{"start":{"line":45,"column":4},"end":{"line":76,"column":5}},"21":{"start":{"line":46,"column":21},"end":{"line":46,"column":64}},"22":{"start":{"line":48,"column":8},"end":{"line":48,"column":59}},"23":{"start":{"line":50,"column":25},"end":{"line":52,"column":10}},"24":{"start":{"line":53,"column":8},"end":{"line":55,"column":9}},"25":{"start":{"line":54,"column":12},"end":{"line":54,"column":75}},"26":{"start":{"line":57,"column":8},"end":{"line":60,"column":11}},"27":{"start":{"line":62,"column":8},"end":{"line":62,"column":67}},"28":{"start":{"line":75,"column":8},"end":{"line":75,"column":63}},"29":{"start":{"line":80,"column":43},"end":{"line":80,"column":51}},"30":{"start":{"line":82,"column":4},"end":{"line":84,"column":5}},"31":{"start":{"line":83,"column":8},"end":{"line":83,"column":73}},"32":{"start":{"line":86,"column":4},"end":{"line":105,"column":5}},"33":{"start":{"line":87,"column":8},"end":{"line":89,"column":9}},"34":{"start":{"line":88,"column":12},"end":{"line":88,"column":101}},"35":{"start":{"line":91,"column":21},"end":{"line":91,"column":64}},"36":{"start":{"line":93,"column":8},"end":{"line":93,"column":63}},"37":{"start":{"line":95,"column":31},"end":{"line":95,"column":63}},"38":{"start":{"line":97,"column":28},"end":{"line":100,"column":10}},"39":{"start":{"line":102,"column":8},"end":{"line":102,"column":70}},"40":{"start":{"line":104,"column":8},"end":{"line":104,"column":66}},"41":{"start":{"line":108,"column":0},"end":{"line":112,"column":2}}},"fnMap":{"0":{"name":"deleteUser","decl":{"start":{"line":13,"column":15},"end":{"line":13,"column":25}},"loc":{"start":{"line":13,"column":36},"end":{"line":32,"column":1}},"line":13},"1":{"name":"updateEmail","decl":{"start":{"line":34,"column":15},"end":{"line":34,"column":26}},"loc":{"start":{"line":34,"column":37},"end":{"line":77,"column":1}},"line":34},"2":{"name":"updatePassword","decl":{"start":{"line":79,"column":15},"end":{"line":79,"column":29}},"loc":{"start":{"line":79,"column":40},"end":{"line":106,"column":1}},"line":79}},"branchMap":{"0":{"loc":{"start":{"line":15,"column":4},"end":{"line":17,"column":5}},"type":"if","locations":[{"start":{"line":15,"column":4},"end":{"line":17,"column":5}},{"start":{},"end":{}}],"line":15},"1":{"loc":{"start":{"line":37,"column":4},"end":{"line":39,"column":5}},"type":"if","locations":[{"start":{"line":37,"column":4},"end":{"line":39,"column":5}},{"start":{},"end":{}}],"line":37},"2":{"loc":{"start":{"line":41,"column":4},"end":{"line":43,"column":5}},"type":"if","locations":[{"start":{"line":41,"column":4},"end":{"line":43,"column":5}},{"start":{},"end":{}}],"line":41},"3":{"loc":{"start":{"line":53,"column":8},"end":{"line":55,"column":9}},"type":"if","locations":[{"start":{"line":53,"column":8},"end":{"line":55,"column":9}},{"start":{},"end":{}}],"line":53},"4":{"loc":{"start":{"line":82,"column":4},"end":{"line":84,"column":5}},"type":"if","locations":[{"start":{"line":82,"column":4},"end":{"line":84,"column":5}},{"start":{},"end":{}}],"line":82},"5":{"loc":{"start":{"line":82,"column":8},"end":{"line":82,"column":38}},"type":"binary-expr","locations":[{"start":{"line":82,"column":8},"end":{"line":82,"column":21}},{"start":{"line":82,"column":25},"end":{"line":82,"column":38}}],"line":82},"6":{"loc":{"start":{"line":87,"column":8},"end":{"line":89,"column":9}},"type":"if","locations":[{"start":{"line":87,"column":8},"end":{"line":89,"column":9}},{"start":{},"end":{}}],"line":87}},"s":{"0":4,"1":4,"2":4,"3":4,"4":4,"5":4,"6":6,"7":6,"8":2,"9":4,"10":4,"11":3,"12":2,"13":2,"14":2,"15":9,"16":9,"17":1,"18":8,"19":2,"20":6,"21":6,"22":5,"23":4,"24":4,"25":2,"26":2,"27":2,"28":2,"29":8,"30":8,"31":2,"32":6,"33":6,"34":2,"35":4,"36":3,"37":2,"38":2,"39":2,"40":2,"41":4},"f":{"0":6,"1":9,"2":8},"b":{"0":[2,4],"1":[1,8],"2":[2,6],"3":[2,2],"4":[2,6],"5":[8,6],"6":[2,4]},"_coverageSchema":"1a1c01bbd47fc00a2c39e90264f33305004495a9","hash":"436d2babe87a8aeef857c0691febb5c838e4bf79"}
,"C:\\Users\\amber\\Git Repos\\job-application-tracker\\server\\middleware\\authMiddleware.js": {"path":"C:\\Users\\amber\\Git Repos\\job-application-tracker\\server\\middleware\\authMiddleware.js","statementMap":{"0":{"start":{"line":2,"column":12},"end":{"line":2,"column":35}},"1":{"start":{"line":5,"column":21},"end":{"line":5,"column":49}},"2":{"start":{"line":6,"column":16},"end":{"line":6,"column":54}},"3":{"start":{"line":8,"column":2},"end":{"line":8,"column":74}},"4":{"start":{"line":8,"column":14},"end":{"line":8,"column":74}},"5":{"start":{"line":10,"column":2},"end":{"line":15,"column":5}},"6":{"start":{"line":11,"column":4},"end":{"line":11,"column":69}},"7":{"start":{"line":11,"column":13},"end":{"line":11,"column":69}},"8":{"start":{"line":13,"column":4},"end":{"line":13,"column":20}},"9":{"start":{"line":14,"column":4},"end":{"line":14,"column":11}},"10":{"start":{"line":18,"column":0},"end":{"line":18,"column":35}}},"fnMap":{"0":{"name":"authenticateToken","decl":{"start":{"line":4,"column":9},"end":{"line":4,"column":26}},"loc":{"start":{"line":4,"column":43},"end":{"line":16,"column":1}},"line":4},"1":{"name":"(anonymous_1)","decl":{"start":{"line":10,"column":44},"end":{"line":10,"column":45}},"loc":{"start":{"line":10,"column":59},"end":{"line":15,"column":3}},"line":10}},"branchMap":{"0":{"loc":{"start":{"line":6,"column":16},"end":{"line":6,"column":54}},"type":"binary-expr","locations":[{"start":{"line":6,"column":16},"end":{"line":6,"column":26}},{"start":{"line":6,"column":30},"end":{"line":6,"column":54}}],"line":6},"1":{"loc":{"start":{"line":8,"column":2},"end":{"line":8,"column":74}},"type":"if","locations":[{"start":{"line":8,"column":2},"end":{"line":8,"column":74}},{"start":{},"end":{}}],"line":8},"2":{"loc":{"start":{"line":11,"column":4},"end":{"line":11,"column":69}},"type":"if","locations":[{"start":{"line":11,"column":4},"end":{"line":11,"column":69}},{"start":{},"end":{}}],"line":11}},"s":{"0":2,"1":3,"2":3,"3":3,"4":1,"5":2,"6":2,"7":1,"8":1,"9":1,"10":2},"f":{"0":3,"1":2},"b":{"0":[3,2],"1":[1,2],"2":[1,1]},"_coverageSchema":"1a1c01bbd47fc00a2c39e90264f33305004495a9","hash":"e9d0d590a6760e277cd09dafea424ed3679f2ed0"}
,"C:\\Users\\amber\\Git Repos\\job-application-tracker\\server\\routes\\application.js": {"path":"C:\\Users\\amber\\Git Repos\\job-application-tracker\\server\\routes\\application.js","statementMap":{"0":{"start":{"line":1,"column":16},"end":{"line":1,"column":34}},"1":{"start":{"line":2,"column":15},"end":{"line":2,"column":31}},"2":{"start":{"line":3,"column":89},"end":{"line":3,"column":136}},"3":{"start":{"line":4,"column":26},"end":{"line":4,"column":65}},"4":{"start":{"line":6,"column":0},"end":{"line":6,"column":55}},"5":{"start":{"line":7,"column":0},"end":{"line":7,"column":56}},"6":{"start":{"line":8,"column":0},"end":{"line":8,"column":57}},"7":{"start":{"line":9,"column":0},"end":{"line":9,"column":60}},"8":{"start":{"line":11,"column":0},"end":{"line":11,"column":24}}},"fnMap":{},"branchMap":{},"s":{"0":3,"1":3,"2":3,"3":3,"4":3,"5":3,"6":3,"7":3,"8":3},"f":{},"b":{},"_coverageSchema":"1a1c01bbd47fc00a2c39e90264f33305004495a9","hash":"86dcef7677af4cf82dfa82b5752033dbff7101a1"}
,"C:\\Users\\amber\\Git Repos\\job-application-tracker\\server\\routes\\auth.js": {"path":"C:\\Users\\amber\\Git Repos\\job-application-tracker\\server\\routes\\auth.js","statementMap":{"0":{"start":{"line":1,"column":16},"end":{"line":1,"column":34}},"1":{"start":{"line":2,"column":36},"end":{"line":2,"column":76}},"2":{"start":{"line":4,"column":15},"end":{"line":4,"column":31}},"3":{"start":{"line":6,"column":0},"end":{"line":6,"column":39}},"4":{"start":{"line":7,"column":0},"end":{"line":7,"column":33}},"5":{"start":{"line":9,"column":0},"end":{"line":9,"column":24}}},"fnMap":{},"branchMap":{},"s":{"0":3,"1":3,"2":3,"3":3,"4":3,"5":3},"f":{},"b":{},"_coverageSchema":"1a1c01bbd47fc00a2c39e90264f33305004495a9","hash":"10115259209a8534260cf0344ac31df0f0f49ffa"}
,"C:\\Users\\amber\\Git Repos\\job-application-tracker\\server\\routes\\health.js": {"path":"C:\\Users\\amber\\Git Repos\\job-application-tracker\\server\\routes\\health.js","statementMap":{"0":{"start":{"line":2,"column":16},"end":{"line":2,"column":34}},"1":{"start":{"line":3,"column":15},"end":{"line":3,"column":31}},"2":{"start":{"line":5,"column":0},"end":{"line":7,"column":3}},"3":{"start":{"line":6,"column":2},"end":{"line":6,"column":44}},"4":{"start":{"line":9,"column":0},"end":{"line":9,"column":24}}},"fnMap":{"0":{"name":"(anonymous_0)","decl":{"start":{"line":5,"column":16},"end":{"line":5,"column":17}},"loc":{"start":{"line":5,"column":30},"end":{"line":7,"column":1}},"line":5}},"branchMap":{},"s":{"0":3,"1":3,"2":3,"3":0,"4":3},"f":{"0":0},"b":{},"_coverageSchema":"1a1c01bbd47fc00a2c39e90264f33305004495a9","hash":"a33031196ee106464641d07965f5ea1a1667b147"}
,"C:\\Users\\amber\\Git Repos\\job-application-tracker\\server\\routes\\user.js": {"path":"C:\\Users\\amber\\Git Repos\\job-application-tracker\\server\\routes\\user.js","statementMap":{"0":{"start":{"line":1,"column":16},"end":{"line":1,"column":34}},"1":{"start":{"line":2,"column":15},"end":{"line":2,"column":31}},"2":{"start":{"line":3,"column":26},"end":{"line":3,"column":65}},"3":{"start":{"line":4,"column":52},"end":{"line":4,"column":92}},"4":{"start":{"line":6,"column":0},"end":{"line":6,"column":64}},"5":{"start":{"line":7,"column":0},"end":{"line":7,"column":60}},"6":{"start":{"line":8,"column":0},"end":{"line":8,"column":66}},"7":{"start":{"line":10,"column":0},"end":{"line":10,"column":24}}},"fnMap":{},"branchMap":{},"s":{"0":3,"1":3,"2":3,"3":3,"4":3,"5":3,"6":3,"7":3},"f":{},"b":{},"_coverageSchema":"1a1c01bbd47fc00a2c39e90264f33305004495a9","hash":"72c3d58da24df01d6ff02113f7aac11af9789f3d"}
,"C:\\Users\\amber\\Git Repos\\job-application-tracker\\server\\utils\\authHelpers.js": {"path":"C:\\Users\\amber\\Git Repos\\job-application-tracker\\server\\utils\\authHelpers.js","statementMap":{"0":{"start":{"line":1,"column":15},"end":{"line":1,"column":34}},"1":{"start":{"line":4,"column":2},"end":{"line":4,"column":54}},"2":{"start":{"line":4,"column":15},"end":{"line":4,"column":54}},"3":{"start":{"line":6,"column":15},"end":{"line":8,"column":4}},"4":{"start":{"line":10,"column":2},"end":{"line":14,"column":3}},"5":{"start":{"line":11,"column":16},"end":{"line":11,"column":43}},"6":{"start":{"line":12,"column":4},"end":{"line":12,"column":25}},"7":{"start":{"line":13,"column":4},"end":{"line":13,"column":14}},"8":{"start":{"line":15,"column":2},"end":{"line":15,"column":14}},"9":{"start":{"line":18,"column":0},"end":{"line":18,"column":42}}},"fnMap":{"0":{"name":"getAuthenticatedUser","decl":{"start":{"line":3,"column":15},"end":{"line":3,"column":35}},"loc":{"start":{"line":3,"column":44},"end":{"line":16,"column":1}},"line":3}},"branchMap":{"0":{"loc":{"start":{"line":4,"column":2},"end":{"line":4,"column":54}},"type":"if","locations":[{"start":{"line":4,"column":2},"end":{"line":4,"column":54}},{"start":{},"end":{}}],"line":4},"1":{"loc":{"start":{"line":10,"column":2},"end":{"line":14,"column":3}},"type":"if","locations":[{"start":{"line":10,"column":2},"end":{"line":14,"column":3}},{"start":{},"end":{}}],"line":10}},"s":{"0":3,"1":3,"2":1,"3":2,"4":2,"5":1,"6":1,"7":1,"8":1,"9":3},"f":{"0":3},"b":{"0":[1,2],"1":[1,1]},"_coverageSchema":"1a1c01bbd47fc00a2c39e90264f33305004495a9","hash":"aab5aad48a3255a5d8a12cbda17c3636e003890d"}
,"C:\\Users\\amber\\Git Repos\\job-application-tracker\\server\\utils\\handleError.js": {"path":"C:\\Users\\amber\\Git Repos\\job-application-tracker\\server\\utils\\handleError.js","statementMap":{"0":{"start":{"line":2,"column":2},"end":{"line":2,"column":21}},"1":{"start":{"line":3,"column":17},"end":{"line":3,"column":52}},"2":{"start":{"line":4,"column":18},"end":{"line":4,"column":48}},"3":{"start":{"line":5,"column":2},"end":{"line":5,"column":53}},"4":{"start":{"line":8,"column":0},"end":{"line":8,"column":33}}},"fnMap":{"0":{"name":"handleError","decl":{"start":{"line":1,"column":9},"end":{"line":1,"column":20}},"loc":{"start":{"line":1,"column":74},"end":{"line":6,"column":1}},"line":1}},"branchMap":{"0":{"loc":{"start":{"line":1,"column":31},"end":{"line":1,"column":72}},"type":"default-arg","locations":[{"start":{"line":1,"column":49},"end":{"line":1,"column":72}}],"line":1},"1":{"loc":{"start":{"line":3,"column":17},"end":{"line":3,"column":52}},"type":"binary-expr","locations":[{"start":{"line":3,"column":17},"end":{"line":3,"column":31}},{"start":{"line":3,"column":35},"end":{"line":3,"column":45}},{"start":{"line":3,"column":49},"end":{"line":3,"column":52}}],"line":3},"2":{"loc":{"start":{"line":4,"column":18},"end":{"line":4,"column":48}},"type":"binary-expr","locations":[{"start":{"line":4,"column":18},"end":{"line":4,"column":29}},{"start":{"line":4,"column":33},"end":{"line":4,"column":48}}],"line":4}},"s":{"0":4,"1":4,"2":4,"3":4,"4":3},"f":{"0":4},"b":{"0":[3],"1":[4,3,2],"2":[4,2]},"_coverageSchema":"1a1c01bbd47fc00a2c39e90264f33305004495a9","hash":"fb56d857c0d1f8fee54e1d344c338aa513d969db"}
,"C:\\Users\\amber\\Git Repos\\job-application-tracker\\server\\utils\\passwordUtils.js": {"path":"C:\\Users\\amber\\Git Repos\\job-application-tracker\\server\\utils\\passwordUtils.js","statementMap":{"0":{"start":{"line":1,"column":15},"end":{"line":1,"column":32}},"1":{"start":{"line":5,"column":26},"end":{"line":5,"column":96}},"2":{"start":{"line":6,"column":2},"end":{"line":6,"column":40}},"3":{"start":{"line":10,"column":2},"end":{"line":10,"column":41}},"4":{"start":{"line":14,"column":18},"end":{"line":14,"column":69}},"5":{"start":{"line":15,"column":2},"end":{"line":19,"column":3}},"6":{"start":{"line":16,"column":16},"end":{"line":16,"column":48}},"7":{"start":{"line":17,"column":4},"end":{"line":17,"column":21}},"8":{"start":{"line":18,"column":4},"end":{"line":18,"column":14}},"9":{"start":{"line":22,"column":0},"end":{"line":26,"column":2}}},"fnMap":{"0":{"name":"isPasswordComplex","decl":{"start":{"line":3,"column":9},"end":{"line":3,"column":26}},"loc":{"start":{"line":3,"column":37},"end":{"line":7,"column":1}},"line":3},"1":{"name":"hashPassword","decl":{"start":{"line":9,"column":15},"end":{"line":9,"column":27}},"loc":{"start":{"line":9,"column":38},"end":{"line":11,"column":1}},"line":9},"2":{"name":"verifyPasswordMatch","decl":{"start":{"line":13,"column":15},"end":{"line":13,"column":34}},"loc":{"start":{"line":13,"column":66},"end":{"line":20,"column":1}},"line":13}},"branchMap":{"0":{"loc":{"start":{"line":15,"column":2},"end":{"line":19,"column":3}},"type":"if","locations":[{"start":{"line":15,"column":2},"end":{"line":19,"column":3}},{"start":{},"end":{}}],"line":15}},"s":{"0":3,"1":7,"2":7,"3":2,"4":6,"5":6,"6":1,"7":1,"8":1,"9":3},"f":{"0":7,"1":2,"2":6},"b":{"0":[1,5]},"_coverageSchema":"1a1c01bbd47fc00a2c39e90264f33305004495a9","hash":"7bb850299c49ab72e214d1920f9adaf48c6a0a16"}
}
