TN:
SF:app.js
FNF:0
FNH:0
DA:2,4
DA:3,4
DA:4,4
DA:6,4
DA:8,4
DA:10,4
DA:11,4
DA:14,4
DA:15,4
DA:17,4
DA:18,4
DA:20,4
DA:21,4
DA:23,4
DA:24,4
DA:26,4
DA:27,4
DA:29,4
LF:18
LH:18
BRF:0
BRH:0
end_of_record
TN:
SF:controllers\applicationController.js
FN:4,createApplication
FN:8,(anonymous_1)
FN:17,(anonymous_2)
FN:31,(anonymous_3)
FN:44,getUserApplications
FN:58,updateApplication
FN:76,(anonymous_6)
FN:85,(anonymous_7)
FN:99,(anonymous_8)
FN:111,deleteApplication
FNF:10
FNH:10
FNDA:3,createApplication
FNDA:6,(anonymous_1)
FNDA:6,(anonymous_2)
FNDA:6,(anonymous_3)
FNDA:2,getUserApplications
FNDA:6,updateApplication
FNDA:3,(anonymous_6)
FNDA:3,(anonymous_7)
FNDA:3,(anonymous_8)
FNDA:6,deleteApplication
DA:1,5
DA:2,5
DA:5,3
DA:7,3
DA:8,6
DA:10,3
DA:17,6
DA:20,3
DA:31,6
DA:37,2
DA:40,1
DA:45,2
DA:46,2
DA:52,2
DA:54,0
DA:59,6
DA:60,6
DA:63,6
DA:64,6
DA:68,6
DA:69,2
DA:72,4
DA:73,2
DA:76,3
DA:78,2
DA:85,3
DA:88,2
DA:99,3
DA:105,2
DA:107,0
DA:112,6
DA:114,6
DA:115,6
DA:119,6
DA:120,2
DA:123,4
DA:124,2
DA:127,2
DA:131,2
DA:133,0
DA:137,5
LF:41
LH:38
BRDA:8,0,0,3
BRDA:8,0,1,0
BRDA:68,1,0,2
BRDA:68,1,1,4
BRDA:72,2,0,2
BRDA:72,2,1,2
BRDA:76,3,0,2
BRDA:76,3,1,0
BRDA:119,4,0,2
BRDA:119,4,1,4
BRDA:123,5,0,2
BRDA:123,5,1,2
BRF:12
BRH:10
end_of_record
TN:
SF:controllers\authController.js
FN:8,registerUser
FN:40,loginUser
FNF:2
FNH:2
FNDA:9,registerUser
FNDA:7,loginUser
DA:1,5
DA:2,5
DA:4,5
DA:5,5
DA:9,9
DA:11,9
DA:12,2
DA:15,7
DA:16,7
DA:17,6
DA:18,2
DA:21,4
DA:22,2
DA:25,2
DA:27,2
DA:34,2
DA:36,1
DA:41,7
DA:43,7
DA:44,2
DA:46,5
DA:47,5
DA:53,4
DA:54,2
DA:57,2
DA:59,2
DA:65,2
DA:68,1
DA:72,5
LF:29
LH:29
BRDA:11,0,0,2
BRDA:11,0,1,7
BRDA:11,1,0,9
BRDA:11,1,1,7
BRDA:17,2,0,2
BRDA:17,2,1,4
BRDA:21,3,0,2
BRDA:21,3,1,2
BRDA:43,4,0,2
BRDA:43,4,1,5
BRDA:43,5,0,7
BRDA:43,5,1,5
BRDA:53,6,0,2
BRDA:53,6,1,2
BRF:14
BRH:14
end_of_record
TN:
SF:controllers\tagController.js
FN:4,getUserTags
FN:17,createTag
FN:51,deleteTag
FNF:3
FNH:3
FNDA:3,getUserTags
FNDA:7,createTag
FNDA:6,deleteTag
DA:1,5
DA:2,5
DA:5,3
DA:6,3
DA:10,2
DA:12,1
DA:19,7
DA:20,7
DA:22,6
DA:23,6
DA:32,6
DA:33,2
DA:37,4
DA:44,2
DA:47,2
DA:52,6
DA:54,6
DA:55,6
DA:59,6
DA:60,2
DA:63,4
DA:64,2
DA:67,2
DA:71,2
DA:73,0
DA:77,5
LF:26
LH:25
BRDA:20,0,0,1
BRDA:20,0,1,6
BRDA:32,1,0,2
BRDA:32,1,1,4
BRDA:59,2,0,2
BRDA:59,2,1,4
BRDA:63,3,0,2
BRDA:63,3,1,2
BRF:8
BRH:8
end_of_record
TN:
SF:controllers\userController.js
FN:13,deleteUser
FN:35,updateEmail
FN:80,updatePassword
FNF:3
FNH:3
FNDA:6,deleteUser
FNDA:9,updateEmail
FNDA:8,updatePassword
DA:1,5
DA:4,5
DA:5,5
DA:6,5
DA:8,5
DA:10,5
DA:14,6
DA:16,6
DA:17,2
DA:20,4
DA:21,4
DA:23,3
DA:25,2
DA:29,2
DA:31,2
DA:36,9
DA:38,9
DA:39,1
DA:42,8
DA:43,2
DA:46,6
DA:47,6
DA:49,5
DA:51,4
DA:54,4
DA:55,2
DA:58,2
DA:63,2
DA:76,2
DA:81,8
DA:83,8
DA:84,2
DA:87,6
DA:88,6
DA:89,2
DA:92,4
DA:94,3
DA:96,2
DA:98,2
DA:103,2
DA:105,2
DA:109,5
LF:42
LH:42
BRDA:16,0,0,2
BRDA:16,0,1,4
BRDA:38,1,0,1
BRDA:38,1,1,8
BRDA:42,2,0,2
BRDA:42,2,1,6
BRDA:54,3,0,2
BRDA:54,3,1,2
BRDA:83,4,0,2
BRDA:83,4,1,6
BRDA:83,5,0,8
BRDA:83,5,1,6
BRDA:88,6,0,2
BRDA:88,6,1,4
BRF:14
BRH:14
end_of_record
TN:
SF:middleware\authMiddleware.js
FN:4,authenticateToken
FN:10,(anonymous_1)
FNF:2
FNH:2
FNDA:3,authenticateToken
FNDA:2,(anonymous_1)
DA:2,2
DA:5,3
DA:6,3
DA:8,3
DA:10,2
DA:11,2
DA:13,1
DA:14,1
DA:18,2
LF:9
LH:9
BRDA:6,0,0,3
BRDA:6,0,1,2
BRDA:8,1,0,1
BRDA:8,1,1,2
BRDA:11,2,0,1
BRDA:11,2,1,1
BRF:6
BRH:6
end_of_record
TN:
SF:routes\application.js
FNF:0
FNH:0
DA:1,4
DA:2,4
DA:3,4
DA:4,4
DA:6,4
DA:7,4
DA:8,4
DA:9,4
DA:11,4
LF:9
LH:9
BRF:0
BRH:0
end_of_record
TN:
SF:routes\auth.js
FNF:0
FNH:0
DA:1,4
DA:2,4
DA:4,4
DA:6,4
DA:7,4
DA:9,4
LF:6
LH:6
BRF:0
BRH:0
end_of_record
TN:
SF:routes\health.js
FN:5,(anonymous_0)
FNF:1
FNH:0
FNDA:0,(anonymous_0)
DA:2,4
DA:3,4
DA:5,4
DA:6,0
DA:9,4
LF:5
LH:4
BRF:0
BRH:0
end_of_record
TN:
SF:routes\tag.js
FNF:0
FNH:0
DA:2,4
DA:3,4
DA:4,4
DA:5,4
DA:7,4
DA:8,4
DA:9,4
DA:11,4
LF:8
LH:8
BRF:0
BRH:0
end_of_record
TN:
SF:routes\user.js
FNF:0
FNH:0
DA:1,4
DA:2,4
DA:3,4
DA:4,4
DA:6,4
DA:7,4
DA:8,4
DA:10,4
LF:8
LH:8
BRF:0
BRH:0
end_of_record
TN:
SF:utils\authHelpers.js
FN:3,getAuthenticatedUser
FNF:1
FNH:1
FNDA:3,getAuthenticatedUser
DA:1,4
DA:4,3
DA:6,2
DA:10,2
DA:11,1
DA:12,1
DA:13,1
DA:15,1
DA:18,4
LF:9
LH:9
BRDA:4,0,0,1
BRDA:4,0,1,2
BRDA:10,1,0,1
BRDA:10,1,1,1
BRF:4
BRH:4
end_of_record
TN:
SF:utils\handleError.js
FN:1,handleError
FNF:1
FNH:1
FNDA:4,handleError
DA:2,4
DA:3,4
DA:4,4
DA:5,4
DA:8,4
LF:5
LH:5
BRDA:1,0,0,3
BRDA:3,1,0,4
BRDA:3,1,1,3
BRDA:3,1,2,2
BRDA:4,2,0,4
BRDA:4,2,1,2
BRF:6
BRH:6
end_of_record
TN:
SF:utils\passwordUtils.js
FN:3,isPasswordComplex
FN:9,hashPassword
FN:13,verifyPasswordMatch
FNF:3
FNH:3
FNDA:7,isPasswordComplex
FNDA:2,hashPassword
FNDA:6,verifyPasswordMatch
DA:1,4
DA:5,7
DA:6,7
DA:10,2
DA:14,6
DA:15,6
DA:16,1
DA:17,1
DA:18,1
DA:22,4
LF:10
LH:10
BRDA:15,0,0,1
BRDA:15,0,1,5
BRF:2
BRH:2
end_of_record
