TN:
SF:controllers\userController.js
FN:13,deleteUser
FN:34,updateEmail
FN:79,updatePassword
FNF:3
FNH:1
FNDA:4,deleteUser
FNDA:0,updateEmail
FNDA:0,updatePassword
DA:1,1
DA:4,1
DA:5,1
DA:6,1
DA:8,1
DA:10,1
DA:14,4
DA:15,4
DA:16,1
DA:19,3
DA:20,3
DA:22,2
DA:24,1
DA:28,1
DA:30,2
DA:35,0
DA:37,0
DA:38,0
DA:41,0
DA:42,0
DA:45,0
DA:46,0
DA:48,0
DA:50,0
DA:53,0
DA:54,0
DA:57,0
DA:62,0
DA:75,0
DA:80,0
DA:82,0
DA:83,0
DA:86,0
DA:87,0
DA:88,0
DA:91,0
DA:93,0
DA:95,0
DA:97,0
DA:102,0
DA:104,0
DA:108,1
LF:42
LH:16
BRDA:15,0,0,1
BRDA:15,0,1,3
BRDA:37,1,0,0
BRDA:37,1,1,0
BRDA:41,2,0,0
BRDA:41,2,1,0
BRDA:53,3,0,0
BRDA:53,3,1,0
BRDA:82,4,0,0
BRDA:82,4,1,0
BRDA:82,5,0,0
BRDA:82,5,1,0
BRDA:87,6,0,0
BRDA:87,6,1,0
BRF:14
BRH:2
end_of_record
TN:
SF:utils\passwordUtils.js
FN:3,isPasswordComplex
FN:9,hashPassword
FN:13,verifyPasswordMatch
FNF:3
FNH:1
FNDA:5,isPasswordComplex
FNDA:0,hashPassword
FNDA:0,verifyPasswordMatch
DA:1,1
DA:5,5
DA:6,5
DA:10,0
DA:14,0
DA:15,0
DA:16,0
DA:17,0
DA:18,0
DA:22,1
LF:10
LH:4
BRDA:15,0,0,0
BRDA:15,0,1,0
BRF:2
BRH:0
end_of_record
